<?xml version="1.0" encoding="UTF-8"?>
<testng-results ignored="0" total="1" passed="1" failed="0" skipped="0">
  <reporter-output>
  </reporter-output>
  <suite started-at="2023-07-31T16:10:40 IST" name="Suite1" finished-at="2023-07-31T16:10:49 IST" duration-ms="9525">
    <groups>
    </groups>
    <test started-at="2023-07-31T16:10:40 IST" name="Regression1" finished-at="2023-07-31T16:10:49 IST" duration-ms="9525">
      <class name="org.selenium.pom.tests.SearchTest">
        <test-method is-config="true" signature="startDriver(java.lang.String)[pri:0, instance:org.selenium.pom.tests.SearchTest@460d0a57]" started-at="2023-07-31T16:10:40 IST" name="startDriver" finished-at="2023-07-31T16:10:43 IST" duration-ms="3462" status="PASS">
          <params>
            <param index="0">
              <value>
                <![CDATA[CHROME]]>
              </value>
            </param>
          </params>
          <reporter-output>
          </reporter-output>
        </test-method> <!-- startDriver -->
        <test-method signature="searchWithPartialMatch()[pri:0, instance:org.selenium.pom.tests.SearchTest@460d0a57]" started-at="2023-07-31T16:10:43 IST" name="searchWithPartialMatch" finished-at="2023-07-31T16:10:49 IST" duration-ms="5640" status="PASS">
          <reporter-output>
          </reporter-output>
        </test-method> <!-- searchWithPartialMatch -->
        <test-method is-config="true" signature="quitDriver()[pri:0, instance:org.selenium.pom.tests.SearchTest@460d0a57]" started-at="2023-07-31T16:10:49 IST" name="quitDriver" finished-at="2023-07-31T16:10:49 IST" duration-ms="373" status="PASS">
          <reporter-output>
          </reporter-output>
        </test-method> <!-- quitDriver -->
      </class> <!-- org.selenium.pom.tests.SearchTest -->
    </test> <!-- Regression1 -->
  </suite> <!-- Suite1 -->
</testng-results>
