<?xml version="1.0" encoding="UTF-8"?>
<testng-results ignored="0" total="1" passed="1" failed="0" skipped="0">
  <reporter-output>
  </reporter-output>
  <suite started-at="2023-07-31T13:27:22 IST" name="Suite1" finished-at="2023-07-31T13:27:31 IST" duration-ms="9676">
    <groups>
    </groups>
    <test started-at="2023-07-31T13:27:22 IST" name="Regression1" finished-at="2023-07-31T13:27:31 IST" duration-ms="9676">
      <class name="org.selenium.pom.tests.NavigationTest">
        <test-method is-config="true" signature="startDriver(java.lang.String)[pri:0, instance:org.selenium.pom.tests.NavigationTest@460d0a57]" started-at="2023-07-31T13:27:22 IST" name="startDriver" finished-at="2023-07-31T13:27:25 IST" duration-ms="3692" status="PASS">
          <params>
            <param index="0">
              <value>
                <![CDATA[CHROME]]>
              </value>
            </param>
          </params>
          <reporter-output>
          </reporter-output>
        </test-method> <!-- startDriver -->
        <test-method signature="NavigateFromHometoStoreUsingMainMenu()[pri:0, instance:org.selenium.pom.tests.NavigationTest@460d0a57]" started-at="2023-07-31T13:27:25 IST" name="NavigateFromHometoStoreUsingMainMenu" finished-at="2023-07-31T13:27:31 IST" duration-ms="5571" status="PASS">
          <reporter-output>
          </reporter-output>
        </test-method> <!-- NavigateFromHometoStoreUsingMainMenu -->
        <test-method is-config="true" signature="quitDriver()[pri:0, instance:org.selenium.pom.tests.NavigationTest@460d0a57]" started-at="2023-07-31T13:27:31 IST" name="quitDriver" finished-at="2023-07-31T13:27:31 IST" duration-ms="362" status="PASS">
          <reporter-output>
          </reporter-output>
        </test-method> <!-- quitDriver -->
      </class> <!-- org.selenium.pom.tests.NavigationTest -->
    </test> <!-- Regression1 -->
  </suite> <!-- Suite1 -->
</testng-results>
